d:\documents\degree\sem 7\game engine design and architecture\particlegameengine\particlegameengine\debug\vc141.pdb
d:\documents\degree\sem 7\game engine design and architecture\particlegameengine\particlegameengine\debug\vc141.idb
d:\documents\degree\sem 7\game engine design and architecture\particlegameengine\particlegameengine\debug\vector.obj
d:\documents\degree\sem 7\game engine design and architecture\particlegameengine\particlegameengine\debug\texture2d.obj
d:\documents\degree\sem 7\game engine design and architecture\particlegameengine\particlegameengine\debug\sprite.obj
d:\documents\degree\sem 7\game engine design and architecture\particlegameengine\particlegameengine\debug\shader.obj
d:\documents\degree\sem 7\game engine design and architecture\particlegameengine\particlegameengine\debug\resourcemanager.obj
d:\documents\degree\sem 7\game engine design and architecture\particlegameengine\particlegameengine\debug\particlesource.obj
d:\documents\degree\sem 7\game engine design and architecture\particlegameengine\particlegameengine\debug\particlegenerator.obj
d:\documents\degree\sem 7\game engine design and architecture\particlegameengine\particlegameengine\debug\matrix.obj
d:\documents\degree\sem 7\game engine design and architecture\particlegameengine\particlegameengine\debug\main.obj
d:\documents\degree\sem 7\game engine design and architecture\particlegameengine\particlegameengine\debug\gameobject.obj
d:\documents\degree\sem 7\game engine design and architecture\particlegameengine\particlegameengine\debug\application.obj
d:\documents\degree\sem 7\game engine design and architecture\particlegameengine\particlegameengine\debug\particlemanager.obj
d:\documents\degree\sem 7\game engine design and architecture\particlegameengine\debug\particlegameengine.exe
d:\documents\degree\sem 7\game engine design and architecture\particlegameengine\debug\particlegameengine.ilk
d:\documents\degree\sem 7\game engine design and architecture\particlegameengine\debug\particlegameengine.pdb
d:\documents\degree\sem 7\game engine design and architecture\particlegameengine\particlegameengine\debug\particle.12d71335.tlog\cl.command.1.tlog
d:\documents\degree\sem 7\game engine design and architecture\particlegameengine\particlegameengine\debug\particle.12d71335.tlog\cl.read.1.tlog
d:\documents\degree\sem 7\game engine design and architecture\particlegameengine\particlegameengine\debug\particle.12d71335.tlog\cl.write.1.tlog
d:\documents\degree\sem 7\game engine design and architecture\particlegameengine\particlegameengine\debug\particle.12d71335.tlog\link.command.1.tlog
d:\documents\degree\sem 7\game engine design and architecture\particlegameengine\particlegameengine\debug\particle.12d71335.tlog\link.read.1.tlog
d:\documents\degree\sem 7\game engine design and architecture\particlegameengine\particlegameengine\debug\particle.12d71335.tlog\link.write.1.tlog
